<?xml version="1.0" encoding="UTF-8"?>
<testng-results skipped="0" failed="0" ignored="0" total="4" passed="4">
  <reporter-output>
    <line>
      <![CDATA[Response of getKelvinValue method API: {"coord":{"lon":77.23,"lat":28.61},"weather":[{"id":711,"main":"Smoke","description":"smoke","icon":"50d"}],"base":"stations","main":{"temp":299.15,"feels_like":298.2,"temp_min":299.15,"temp_max":299.15,"pressure":1016,"humidity":44},"visibility":1200,"wind":{"speed":2.6,"deg":100},"clouds":{"all":0},"dt":1605424163,"sys":{"type":1,"id":9161,"country":"IN","sunrise":1605402836,"sunset":1605441462},"timezone":19800,"id":1261481,"name":"New Delhi","cod":200}]]>
    </line>
    <line>
      <![CDATA[Response of getDegreeValueOfTemp method API: {"coord":{"lon":77.23,"lat":28.61},"weather":[{"id":711,"main":"Smoke","description":"smoke","icon":"50d"}],"base":"stations","main":{"temp":26,"feels_like":25.05,"temp_min":26,"temp_max":26,"pressure":1016,"humidity":44},"visibility":1200,"wind":{"speed":2.6,"deg":100},"clouds":{"all":0},"dt":1605423907,"sys":{"type":1,"id":9161,"country":"IN","sunrise":1605402836,"sunset":1605441462},"timezone":19800,"id":1261481,"name":"New Delhi","cod":200}]]>
    </line>
    <line>
      <![CDATA[Max and Min error temp values are: 26.519995 & 25.479994]]>
    </line>
    <line>
      <![CDATA[Response for invalid api id: {"cod":401, "message": "Invalid API key. Please see http://openweathermap.org/faq#error401 for more info."}]]>
    </line>
    <line>
      <![CDATA[Response for invalid city id: {"cod":"404","message":"city not found"}]]>
    </line>
  </reporter-output>
  <suite name="Default suite" duration-ms="21880" started-at="2020-11-15T12:40:42 IST" finished-at="2020-11-15T12:41:04 IST">
    <groups>
    </groups>
    <test name="Default test" duration-ms="21880" started-at="2020-11-15T12:40:42 IST" finished-at="2020-11-15T12:41:04 IST">
      <class name="com.plivo.weatherdata.WeatherDataComparision">
        <test-method status="PASS" signature="initialize()[pri:0, instance:com.plivo.weatherdata.WeatherDataComparision@7494e528]" name="initialize" is-config="true" duration-ms="10" started-at="2020-11-15T12:40:42 IST" finished-at="2020-11-15T12:40:42 IST">
          <reporter-output>
          </reporter-output>
        </test-method> <!-- initialize -->
        <test-method status="PASS" signature="compareTemparatureInfo()[pri:0, instance:com.plivo.weatherdata.WeatherDataComparision@7494e528]" name="compareTemparatureInfo" duration-ms="17937" started-at="2020-11-15T12:40:42 IST" description="To check error temparature values are close to temparature in celcius or not" finished-at="2020-11-15T12:41:00 IST">
          <reporter-output>
            <line>
              <![CDATA[Response of getKelvinValue method API: {"coord":{"lon":77.23,"lat":28.61},"weather":[{"id":711,"main":"Smoke","description":"smoke","icon":"50d"}],"base":"stations","main":{"temp":299.15,"feels_like":298.2,"temp_min":299.15,"temp_max":299.15,"pressure":1016,"humidity":44},"visibility":1200,"wind":{"speed":2.6,"deg":100},"clouds":{"all":0},"dt":1605424163,"sys":{"type":1,"id":9161,"country":"IN","sunrise":1605402836,"sunset":1605441462},"timezone":19800,"id":1261481,"name":"New Delhi","cod":200}]]>
            </line>
            <line>
              <![CDATA[Response of getDegreeValueOfTemp method API: {"coord":{"lon":77.23,"lat":28.61},"weather":[{"id":711,"main":"Smoke","description":"smoke","icon":"50d"}],"base":"stations","main":{"temp":26,"feels_like":25.05,"temp_min":26,"temp_max":26,"pressure":1016,"humidity":44},"visibility":1200,"wind":{"speed":2.6,"deg":100},"clouds":{"all":0},"dt":1605423907,"sys":{"type":1,"id":9161,"country":"IN","sunrise":1605402836,"sunset":1605441462},"timezone":19800,"id":1261481,"name":"New Delhi","cod":200}]]>
            </line>
            <line>
              <![CDATA[Max and Min error temp values are: 26.519995 & 25.479994]]>
            </line>
          </reporter-output>
        </test-method> <!-- compareTemparatureInfo -->
        <test-method status="PASS" signature="compareWeatherInfo()[pri:0, instance:com.plivo.weatherdata.WeatherDataComparision@7494e528]" name="compareWeatherInfo" duration-ms="1" started-at="2020-11-15T12:41:00 IST" description="Comparision of cityId, cityName and country name from api&#039;s which return kelvin and celcius" finished-at="2020-11-15T12:41:00 IST">
          <reporter-output>
          </reporter-output>
        </test-method> <!-- compareWeatherInfo -->
        <test-method status="PASS" signature="invalidApiId()[pri:0, instance:com.plivo.weatherdata.WeatherDataComparision@7494e528]" name="invalidApiId" duration-ms="2293" started-at="2020-11-15T12:41:00 IST" description="When apiId is not correct and is validated for changing unit to metric in api" finished-at="2020-11-15T12:41:03 IST">
          <reporter-output>
            <line>
              <![CDATA[Response for invalid api id: {"cod":401, "message": "Invalid API key. Please see http://openweathermap.org/faq#error401 for more info."}]]>
            </line>
          </reporter-output>
        </test-method> <!-- invalidApiId -->
        <test-method status="PASS" signature="invalidCityId()[pri:0, instance:com.plivo.weatherdata.WeatherDataComparision@7494e528]" name="invalidCityId" duration-ms="1624" started-at="2020-11-15T12:41:03 IST" description="When CityId is not correct and is validated for changing unit to metric in api" finished-at="2020-11-15T12:41:04 IST">
          <reporter-output>
            <line>
              <![CDATA[Response for invalid city id: {"cod":"404","message":"city not found"}]]>
            </line>
          </reporter-output>
        </test-method> <!-- invalidCityId -->
      </class> <!-- com.plivo.weatherdata.WeatherDataComparision -->
    </test> <!-- Default test -->
  </suite> <!-- Default suite -->
</testng-results>
