<?xml version="1.0" encoding="UTF-8"?>
<!-- Generated by org.testng.reporters.JUnitXMLReporter -->
<testsuite hostname="chethan-Latitude-3490" ignored="0" name="Default test" tests="4" failures="0" timestamp="2020-11-15T20:05:48 IST" time="6.083" errors="0">
  <testcase name="compareTemparatureInfo" time="2.861" classname="com.plivo.weatherdata.WeatherDataComparision"/>
  <testcase name="invalidApiId" time="1.739" classname="com.plivo.weatherdata.WeatherDataComparision"/>
  <testcase name="invalidNumericToCityId" time="0.834" classname="com.plivo.weatherdata.WeatherDataComparision"/>
  <testcase name="invalidStringToCityId" time="0.624" classname="com.plivo.weatherdata.WeatherDataComparision"/>
</testsuite> <!-- Default test -->
