<?xml version="1.0" encoding="UTF-8"?>
<!-- Generated by org.testng.reporters.JUnitXMLReporter -->
<testsuite hostname="chethan-Latitude-3490" ignored="0" name="Default test" tests="4" failures="0" timestamp="2020-11-15T20:35:50 IST" time="4.822" errors="0">
  <testcase name="compareTemparatureInfo" time="3.042" classname="com.plivo.weatherdata.WeatherDataComparision"/>
  <testcase name="invalidApiId" time="0.628" classname="com.plivo.weatherdata.WeatherDataComparision"/>
  <testcase name="invalidNumericToCityId" time="0.548" classname="com.plivo.weatherdata.WeatherDataComparision"/>
  <testcase name="invalidStringToCityId" time="0.577" classname="com.plivo.weatherdata.WeatherDataComparision"/>
</testsuite> <!-- Default test -->
