<?xml version="1.0" encoding="UTF-8"?>
<!-- Generated by org.testng.reporters.JUnitXMLReporter -->
<testsuite hostname="chethan-Latitude-3490" ignored="0" name="Test" tests="4" failures="0" timestamp="2020-11-15T19:49:04 IST" time="11.67" errors="0">
  <testcase name="compareTemparatureInfo" time="2.623" classname="com.plivo.weatherdata.WeatherDataComparision"/>
  <testcase name="invalidApiId" time="1.819" classname="com.plivo.weatherdata.WeatherDataComparision"/>
  <testcase name="invalidNumericToCityId" time="1.852" classname="com.plivo.weatherdata.WeatherDataComparision"/>
  <testcase name="invalidStringToCityId" time="5.338" classname="com.plivo.weatherdata.WeatherDataComparision"/>
</testsuite> <!-- Test -->
